CUSTOM - 2022-12-14 15:18:28 --> Order::addOrder - /index.php/order/addOrder: {"note":"","lstProId":[],"orders":[{"product_id":"3","cost":null,"unit":"","price":105000,"quantity":1,"total":"3"}],"total_price":105000,"customer_id":"11","saler":"2"}
CUSTOM - 2022-12-14 15:19:05 --> Order::addOrder - /index.php/order/addOrder: {"note":"","lstProId":[],"orders":[{"product_id":"9","cost":null,"unit":"","price":276000,"quantity":12,"total":"9"}],"total_price":3312000,"customer_id":"3","saler":"1"}
CUSTOM - 2022-12-14 15:24:36 --> Order::addOrder - /index.php/order/addOrder: {"note":"","lstProId":[],"orders":[{"product_id":"8","cost":null,"unit":"","price":85000,"quantity":12,"total":"8"}],"total_price":1020000,"customer_id":"1","saler":"1"}
CUSTOM - 2022-12-14 15:25:33 --> Order::addOrder - /index.php/order/addOrder: {"note":"","lstProId":[],"orders":[{"product_id":"10","cost":null,"unit":"","price":211000,"quantity":12,"total":"10"}],"total_price":2532000,"customer_id":"11","saler":"2"}
CUSTOM - 2022-12-14 15:26:05 --> Order::addOrder - /index.php/order/addOrder: {"note":"","lstProId":[],"orders":[{"product_id":"9","cost":null,"unit":"","price":276000,"quantity":12,"total":"9"}],"total_price":3312000,"customer_id":"12","saler":"2"}
CUSTOM - 2022-12-14 15:26:35 --> Order::addOrder - /index.php/order/addOrder: {"note":"","lstProId":[],"orders":[{"product_id":"9","cost":null,"unit":"","price":276000,"quantity":12,"total":"9"}],"total_price":3312000,"customer_id":"3","saler":"2"}
CUSTOM - 2022-12-14 15:26:59 --> Order::addOrder - /index.php/order/addOrder: {"note":"","lstProId":[],"orders":[{"product_id":"10","cost":null,"unit":"","price":211000,"quantity":12,"total":"10"}],"total_price":2532000,"customer_id":"3","saler":"1"}
CUSTOM - 2022-12-14 15:27:24 --> Order::addOrder - /index.php/order/addOrder: {"note":"","lstProId":[],"orders":[{"product_id":"11","cost":null,"unit":"","price":211000,"quantity":12,"total":"11"}],"total_price":2532000,"customer_id":"3","saler":"2"}
CUSTOM - 2022-12-14 15:27:49 --> Order::addOrder - /index.php/order/addOrder: {"note":"","lstProId":[],"orders":[{"product_id":"5","cost":null,"unit":"","price":105000,"quantity":12,"total":"5"}],"total_price":1260000,"customer_id":"1","saler":"4"}
CUSTOM - 2022-12-14 15:33:37 --> Order::addOrder - /index.php/order/addOrder: {"note":"","lstProId":[],"orders":[{"product_id":"7","cost":null,"unit":"","price":105000,"quantity":12,"total":"7"}],"total_price":1260000,"customer_id":"1","saler":"1"}
ERROR - 2022-12-14 15:33:37 --> Query error: You have an error in your SQL syntax; check the manual that corresponds to your MySQL server version for the right syntax to use near 'order where customer_id = 1 and total_price = 1260000 and note =  and saler = 1' at line 1 - Invalid query: select * from order where customer_id = 1 and total_price = 1260000 and note =  and saler = 1
ERROR - 2022-12-14 15:33:37 --> Severity: error --> Exception: Call to a member function result() on bool /Users/minhnguyen/Documents/works/npptinminh/npptinminh/application/models/Order_model.php 9
CUSTOM - 2022-12-14 15:34:29 --> Order::addOrder - /index.php/order/addOrder: {"note":"","lstProId":[],"orders":[{"product_id":"3","cost":null,"unit":"","price":105000,"quantity":12,"total":"3"}],"total_price":1260000,"customer_id":"1","saler":"1"}
ERROR - 2022-12-14 15:34:29 --> Query error: You have an error in your SQL syntax; check the manual that corresponds to your MySQL server version for the right syntax to use near 'order where customer_id = 1 and total_price = 1260000 and note =  and saler = 1' at line 1 - Invalid query: select * from order where customer_id = 1 and total_price = 1260000 and note =  and saler = 1
ERROR - 2022-12-14 15:34:29 --> Severity: error --> Exception: Call to a member function result() on bool /Users/minhnguyen/Documents/works/npptinminh/npptinminh/application/models/Order_model.php 9
CUSTOM - 2022-12-14 15:35:02 --> Order::addOrder - /index.php/order/addOrder: {"note":"","lstProId":[],"orders":[{"product_id":"4","cost":null,"unit":"","price":105000,"quantity":12,"total":"4"}],"total_price":1260000,"customer_id":"1","saler":"2"}
CUSTOM - 2022-12-14 15:35:58 --> Order::addOrder - /index.php/order/addOrder: {"note":"","lstProId":[],"orders":[{"product_id":"7","cost":null,"unit":"","price":105000,"quantity":12,"total":"7"}],"total_price":1260000,"customer_id":"1","saler":"2"}
CUSTOM - 2022-12-14 15:36:42 --> Order::addOrder - /index.php/order/addOrder: {"note":"","lstProId":[],"orders":[{"product_id":"8","cost":null,"unit":"","price":85000,"quantity":123,"total":"8"}],"total_price":10455000,"customer_id":"29","saler":"15"}
CUSTOM - 2022-12-14 15:37:10 --> Order::addOrder - /index.php/order/addOrder: {"note":"123","lstProId":[],"orders":[{"product_id":"12","cost":null,"unit":"","price":211000,"quantity":12,"total":"12"}],"total_price":2532000,"customer_id":"1","saler":"4"}
CUSTOM - 2022-12-14 15:37:35 --> Order::addOrder - /index.php/order/addOrder: {"note":"","lstProId":[],"orders":[{"product_id":"12","cost":null,"unit":"","price":211000,"quantity":12,"total":"12"}],"total_price":2532000,"customer_id":"11","saler":"2"}
ERROR - 2022-12-14 15:37:35 --> Query error: You have an error in your SQL syntax; check the manual that corresponds to your MySQL server version for the right syntax to use near 'order where customer_id = 11 and total_price = 2532000 and note =  and saler = 2' at line 1 - Invalid query: select * from order where customer_id = 11 and total_price = 2532000 and note =  and saler = 2
ERROR - 2022-12-14 15:37:35 --> Severity: error --> Exception: Call to a member function result() on bool /Users/minhnguyen/Documents/works/npptinminh/npptinminh/application/models/Order_model.php 10
CUSTOM - 2022-12-14 15:37:53 --> Order::addOrder - /index.php/order/addOrder: {"note":"123123","lstProId":[],"orders":[{"product_id":"10","cost":null,"unit":"","price":211000,"quantity":12,"total":"10"}],"total_price":2532000,"customer_id":"3","saler":"1"}
ERROR - 2022-12-14 15:37:53 --> Query error: You have an error in your SQL syntax; check the manual that corresponds to your MySQL server version for the right syntax to use near 'order where customer_id = 3 and total_price = 2532000 and note = 123123 and sale' at line 1 - Invalid query: select * from order where customer_id = 3 and total_price = 2532000 and note = 123123 and saler = 1
ERROR - 2022-12-14 15:37:53 --> Severity: error --> Exception: Call to a member function result() on bool /Users/minhnguyen/Documents/works/npptinminh/npptinminh/application/models/Order_model.php 10
CUSTOM - 2022-12-14 15:40:17 --> Order::addOrder - /index.php/order/addOrder: {"note":"","lstProId":[],"orders":[{"product_id":"8","cost":null,"unit":"","price":85000,"quantity":12,"total":"8"}],"total_price":1020000,"customer_id":"1","saler":"4"}
ERROR - 2022-12-14 15:40:17 --> Query error: You have an error in your SQL syntax; check the manual that corresponds to your MySQL server version for the right syntax to use near 'order where customer_id = 1 and total_price = 1020000 and note =  and saler = 4o' at line 1 - Invalid query: select * from order where customer_id = 1 and total_price = 1020000 and note =  and saler = 4order by id desc limit 1
ERROR - 2022-12-14 15:40:17 --> Severity: error --> Exception: Call to a member function result() on bool /Users/minhnguyen/Documents/works/npptinminh/npptinminh/application/models/Order_model.php 10
CUSTOM - 2022-12-14 15:40:34 --> Order::addOrder - /index.php/order/addOrder: {"note":"123","lstProId":[],"orders":[{"product_id":"7","cost":null,"unit":"","price":105000,"quantity":12,"total":"7"}],"total_price":1260000,"customer_id":"3","saler":"2"}
ERROR - 2022-12-14 15:40:34 --> Query error: You have an error in your SQL syntax; check the manual that corresponds to your MySQL server version for the right syntax to use near 'order where customer_id = 3 and total_price = 1260000 and note = 123 and saler =' at line 1 - Invalid query: select * from order where customer_id = 3 and total_price = 1260000 and note = 123 and saler = 2 order by id desc limit 1
ERROR - 2022-12-14 15:40:34 --> Severity: error --> Exception: Call to a member function result() on bool /Users/minhnguyen/Documents/works/npptinminh/npptinminh/application/models/Order_model.php 10
CUSTOM - 2022-12-14 15:41:04 --> Order::addOrder - /index.php/order/addOrder: {"note":"","lstProId":[],"orders":[{"product_id":"12","cost":null,"unit":"","price":211000,"quantity":123,"total":"12"}],"total_price":25953000,"customer_id":"11","saler":"2"}
ERROR - 2022-12-14 15:41:04 --> Query error: You have an error in your SQL syntax; check the manual that corresponds to your MySQL server version for the right syntax to use near 'order' at line 1 - Invalid query: select * from order
ERROR - 2022-12-14 15:41:04 --> Severity: error --> Exception: Call to a member function result() on bool /Users/minhnguyen/Documents/works/npptinminh/npptinminh/application/models/Order_model.php 11
CUSTOM - 2022-12-14 15:42:33 --> Order::addOrder - /index.php/order/addOrder: {"note":"","lstProId":[],"orders":[{"product_id":"8","cost":null,"unit":"","price":85000,"quantity":12,"total":"8"}],"total_price":1020000,"customer_id":"11","saler":"4"}
ERROR - 2022-12-14 15:42:33 --> Query error: You have an error in your SQL syntax; check the manual that corresponds to your MySQL server version for the right syntax to use near 'order' at line 1 - Invalid query: select * from order
ERROR - 2022-12-14 15:42:33 --> Severity: error --> Exception: Call to a member function result() on bool /Users/minhnguyen/Documents/works/npptinminh/npptinminh/application/models/Order_model.php 11
CUSTOM - 2022-12-14 15:43:32 --> Order::addOrder - /index.php/order/addOrder: {"note":"","lstProId":[],"orders":[{"product_id":"7","cost":null,"unit":"","price":105000,"quantity":12,"total":"7"}],"total_price":1260000,"customer_id":"11","saler":"1"}
CUSTOM - 2022-12-14 15:47:35 --> Order::addOrder - /index.php/order/addOrder: {"note":"","lstProId":[],"orders":[{"product_id":"1","cost":null,"unit":"","price":105000,"quantity":1,"total":"1"}],"total_price":105000,"customer_id":"3","saler":"1"}
ERROR - 2022-12-14 15:47:35 --> Query error: Unknown column '3' in 'where clause' - Invalid query: select *
                                from `order` as o
                                where customer_id = `3` and total_price = `105000` and note = `` and saler = `1`
ERROR - 2022-12-14 15:47:35 --> Severity: error --> Exception: Call to a member function result() on bool /Users/minhnguyen/Documents/works/npptinminh/npptinminh/application/models/Order_model.php 11
CUSTOM - 2022-12-14 15:48:30 --> Order::addOrder - /index.php/order/addOrder: {"note":"12","lstProId":[],"orders":[{"product_id":"1","cost":null,"unit":"","price":105000,"quantity":12,"total":"1"}],"total_price":1260000,"customer_id":"1","saler":"1"}
CUSTOM - 2022-12-14 15:49:30 --> Order::addOrder - /index.php/order/addOrder: {"note":"","lstProId":[],"orders":[{"product_id":"1","cost":null,"unit":"","price":105000,"quantity":12,"total":"1"}],"total_price":1260000,"customer_id":"1","saler":"1"}
ERROR - 2022-12-14 15:49:30 --> Query error: Unknown column '1' in 'where clause' - Invalid query: select * from `order` as o where customer_id = `1` and total_price = `1260000` and note = `` and saler = `1`
ERROR - 2022-12-14 15:49:30 --> Severity: error --> Exception: Call to a member function result() on bool /Users/minhnguyen/Documents/works/npptinminh/npptinminh/application/models/Order_model.php 10
CUSTOM - 2022-12-14 15:50:37 --> Order::addOrder - /index.php/order/addOrder: {"note":"","lstProId":[],"orders":[{"product_id":"10","cost":null,"unit":"","price":211000,"quantity":1,"total":"10"}],"total_price":211000,"customer_id":"1","saler":"2"}
ERROR - 2022-12-14 15:50:37 --> Query error: You have an error in your SQL syntax; check the manual that corresponds to your MySQL server version for the right syntax to use near '`1' at line 1 - Invalid query: select * from `order` as o where customer_id = `1
ERROR - 2022-12-14 15:50:37 --> Severity: error --> Exception: Call to a member function result() on bool /Users/minhnguyen/Documents/works/npptinminh/npptinminh/application/models/Order_model.php 11
CUSTOM - 2022-12-14 15:51:20 --> Order::addOrder - /index.php/order/addOrder: {"note":"","lstProId":[],"orders":[{"product_id":"6","cost":null,"unit":"","price":105000,"quantity":12,"total":"6"}],"total_price":1260000,"customer_id":"11","saler":"1"}
CUSTOM - 2022-12-14 15:52:24 --> Order::addOrder - /index.php/order/addOrder: {"note":"","lstProId":[],"orders":[{"product_id":"8","cost":null,"unit":"","price":85000,"quantity":12,"total":"8"}],"total_price":1020000,"customer_id":"1","saler":"1"}
CUSTOM - 2022-12-14 15:52:34 --> Order::addOrder - /index.php/order/addOrder: {"note":"","lstProId":[],"orders":[{"product_id":"10","cost":null,"unit":"","price":211000,"quantity":12,"total":"10"}],"total_price":2532000,"customer_id":"72","saler":"1"}
CUSTOM - 2022-12-14 15:53:27 --> Order::addOrder - /index.php/order/addOrder: {"note":"","lstProId":[],"orders":[{"product_id":"8","cost":null,"unit":"","price":85000,"quantity":1,"total":"8"}],"total_price":85000,"customer_id":"1","saler":"1"}
CUSTOM - 2022-12-14 15:55:12 --> Order::addOrder - /index.php/order/addOrder: {"note":"","lstProId":[],"orders":[{"product_id":"1","cost":null,"unit":"","price":105000,"quantity":1,"total":"1"}],"total_price":105000,"customer_id":"1","saler":"1"}
CUSTOM - 2022-12-14 15:58:01 --> Order::addOrder - /index.php/order/addOrder: {"note":"","lstProId":[],"orders":[{"product_id":"1","cost":null,"unit":"","price":105000,"quantity":1,"total":"1"}],"total_price":105000,"customer_id":"1","saler":"1"}
ERROR - 2022-12-14 15:58:01 --> Query error: Unknown column '' in 'where clause' - Invalid query: select * from `order` as o where customer_id = 1 and total_price = 105000 and saler = 1 and note =  ``
ERROR - 2022-12-14 15:58:01 --> Severity: error --> Exception: Call to a member function result() on bool /Users/minhnguyen/Documents/works/npptinminh/npptinminh/application/models/Order_model.php 10
CUSTOM - 2022-12-14 15:58:32 --> Order::addOrder - /index.php/order/addOrder: {"note":"","lstProId":[],"orders":[{"product_id":"6","cost":null,"unit":"","price":105000,"quantity":12,"total":"6"}],"total_price":1260000,"customer_id":"1","saler":"1"}
CUSTOM - 2022-12-14 15:58:59 --> Order::addOrder - /index.php/order/addOrder: {"note":"123","lstProId":[],"orders":[{"product_id":"2","cost":null,"unit":"","price":105000,"quantity":1,"total":"2"}],"total_price":105000,"customer_id":"1","saler":"1"}
CUSTOM - 2022-12-14 15:59:12 --> Order::addOrder - /index.php/order/addOrder: {"note":"123","lstProId":[],"orders":[{"product_id":"7","cost":null,"unit":"","price":105000,"quantity":12,"total":"7"}],"total_price":1260000,"customer_id":"11","saler":"1"}
ERROR - 2022-12-14 15:59:12 --> Query error: Unknown column '123' in 'where clause' - Invalid query: select * from `order` as o where customer_id = 11 and total_price = 1260000 and saler = 1 and note =  `123`
ERROR - 2022-12-14 15:59:12 --> Severity: error --> Exception: Call to a member function result() on bool /Users/minhnguyen/Documents/works/npptinminh/npptinminh/application/models/Order_model.php 9
CUSTOM - 2022-12-14 15:59:58 --> Order::addOrder - /index.php/order/addOrder: {"note":"","lstProId":[],"orders":[{"product_id":"5","cost":null,"unit":"","price":105000,"quantity":1,"total":"5"}],"total_price":105000,"customer_id":"1","saler":"1"}
ERROR - 2022-12-14 15:59:58 --> Query error: You have an error in your SQL syntax; check the manual that corresponds to your MySQL server version for the right syntax to use near '' at line 1 - Invalid query: select * from `order` as o where customer_id = 1 and total_price = 105000 and saler = 1 and note =  
ERROR - 2022-12-14 15:59:58 --> Severity: error --> Exception: Call to a member function result() on bool /Users/minhnguyen/Documents/works/npptinminh/npptinminh/application/models/Order_model.php 9
CUSTOM - 2022-12-14 16:00:13 --> Order::addOrder - /index.php/order/addOrder: {"note":"","lstProId":[],"orders":[{"product_id":"7","cost":null,"unit":"","price":105000,"quantity":1,"total":"7"}],"total_price":105000,"customer_id":"1","saler":"1"}
CUSTOM - 2022-12-14 16:00:58 --> Order::addOrder - /index.php/order/addOrder: {"note":"","lstProId":[],"orders":[{"product_id":"9","cost":null,"unit":"","price":276000,"quantity":1,"total":"9"}],"total_price":276000,"customer_id":"3","saler":"2"}
CUSTOM - 2022-12-14 16:01:31 --> Order::addOrder - /index.php/order/addOrder: {"note":"","lstProId":[],"orders":[{"product_id":"7","cost":null,"unit":"","price":105000,"quantity":12,"total":"7"}],"total_price":1260000,"customer_id":"1","saler":"1"}
ERROR - 2022-12-14 16:01:31 --> Query error: You have an error in your SQL syntax; check the manual that corresponds to your MySQL server version for the right syntax to use near '' at line 1 - Invalid query: select * from `order` as o where customer_id = 1 and total_price = 1260000 and saler = 1 and note = 
ERROR - 2022-12-14 16:01:31 --> Severity: error --> Exception: Call to a member function result() on bool /Users/minhnguyen/Documents/works/npptinminh/npptinminh/application/models/Order_model.php 9
CUSTOM - 2022-12-14 16:02:35 --> Order::addOrder - /index.php/order/addOrder: {"note":"","lstProId":[],"orders":[{"product_id":"2","cost":null,"unit":"","price":105000,"quantity":1,"total":"2"}],"total_price":105000,"customer_id":"1","saler":"1"}
CUSTOM - 2022-12-14 16:03:32 --> Order::addOrder - /index.php/order/addOrder: {"note":"","lstProId":[],"orders":[{"product_id":"2","cost":null,"unit":"","price":105000,"quantity":1,"total":"2"}],"total_price":105000,"customer_id":"1","saler":"1"}
CUSTOM - 2022-12-14 16:03:49 --> Order::addOrder - /index.php/order/addOrder: {"note":"","lstProId":[],"orders":[{"product_id":"1","cost":null,"unit":"","price":105000,"quantity":null,"total":"1"}],"total_price":0,"customer_id":"1","saler":"1"}
CUSTOM - 2022-12-14 16:04:00 --> Order::addOrder - /index.php/order/addOrder: {"note":"","lstProId":[],"orders":[{"product_id":"1","cost":null,"unit":"","price":105000,"quantity":1,"total":"1"}],"total_price":105000,"customer_id":"1","saler":"1"}
CUSTOM - 2022-12-14 16:04:21 --> Order::addOrder - /index.php/order/addOrder: {"note":"","lstProId":[],"orders":[{"product_id":"1","cost":null,"unit":"","price":105000,"quantity":1,"total":"1"}],"total_price":105000,"customer_id":"1","saler":"1"}
CUSTOM - 2022-12-14 16:04:42 --> Order::addOrder - /index.php/order/addOrder: {"note":"","lstProId":[],"orders":[{"product_id":"1","cost":null,"unit":"","price":105000,"quantity":1,"total":"1"}],"total_price":105000,"customer_id":"1","saler":"1"}
CUSTOM - 2022-12-14 16:05:11 --> Order::addOrder - /index.php/order/addOrder: {"note":"","lstProId":[],"orders":[{"product_id":"1","cost":null,"unit":"","price":105000,"quantity":1,"total":"1"}],"total_price":105000,"customer_id":"1","saler":"1"}
CUSTOM - 2022-12-14 16:07:19 --> Order::addOrder - /index.php/order/addOrder: {"note":"","lstProId":[],"orders":[{"product_id":"1","cost":null,"unit":"","price":105000,"quantity":1,"total":"1"}],"total_price":105000,"customer_id":"1","saler":"1"}
ERROR - 2022-12-14 16:07:19 --> Query error: You have an error in your SQL syntax; check the manual that corresponds to your MySQL server version for the right syntax to use near '1 * from `order` as o where customer_id = 1 and total_price = 105000 and saler =' at line 1 - Invalid query: select top 1 * from `order` as o where customer_id = 1 and total_price = 105000 and saler = 1 order by id created;
ERROR - 2022-12-14 16:07:19 --> Severity: error --> Exception: Call to a member function result() on bool /Users/minhnguyen/Documents/works/npptinminh/npptinminh/application/models/Order_model.php 9
CUSTOM - 2022-12-14 16:07:31 --> Order::addOrder - /index.php/order/addOrder: {"note":"","lstProId":[],"orders":[{"product_id":"1","cost":null,"unit":"","price":105000,"quantity":1,"total":"1"}],"total_price":105000,"customer_id":"1","saler":"1"}
ERROR - 2022-12-14 16:07:31 --> Query error: You have an error in your SQL syntax; check the manual that corresponds to your MySQL server version for the right syntax to use near '1 * from `order` as o where customer_id = 1 and total_price = 105000 and saler =' at line 1 - Invalid query: select top 1 * from `order` as o where customer_id = 1 and total_price = 105000 and saler = 1 order by created;
ERROR - 2022-12-14 16:07:31 --> Severity: error --> Exception: Call to a member function result() on bool /Users/minhnguyen/Documents/works/npptinminh/npptinminh/application/models/Order_model.php 9
CUSTOM - 2022-12-14 16:07:59 --> Order::addOrder - /index.php/order/addOrder: {"note":"","lstProId":[],"orders":[{"product_id":"1","cost":null,"unit":"","price":105000,"quantity":1,"total":"1"}],"total_price":105000,"customer_id":"1","saler":"1"}
ERROR - 2022-12-14 16:07:59 --> Query error: You have an error in your SQL syntax; check the manual that corresponds to your MySQL server version for the right syntax to use near '1 * from `order` as o where customer_id = 1 and total_price = 105000 and saler =' at line 1 - Invalid query: select top 1 * from `order` as o where customer_id = 1 and total_price = 105000 and saler = 1 order by created DESC;
ERROR - 2022-12-14 16:07:59 --> Severity: error --> Exception: Call to a member function result() on bool /Users/minhnguyen/Documents/works/npptinminh/npptinminh/application/models/Order_model.php 9
CUSTOM - 2022-12-14 16:08:37 --> Order::addOrder - /index.php/order/addOrder: {"note":"","lstProId":[],"orders":[{"product_id":"1","cost":null,"unit":"","price":105000,"quantity":1,"total":"1"}],"total_price":105000,"customer_id":"1","saler":"1"}
ERROR - 2022-12-14 16:08:37 --> Query error: You have an error in your SQL syntax; check the manual that corresponds to your MySQL server version for the right syntax to use near '1 o.created from `order` as o where customer_id = 1 and total_price = 105000 and' at line 1 - Invalid query: select top 1 o.created from `order` as o where customer_id = 1 and total_price = 105000 and saler = 1 order by o.created DESC;
ERROR - 2022-12-14 16:08:37 --> Severity: error --> Exception: Call to a member function result() on bool /Users/minhnguyen/Documents/works/npptinminh/npptinminh/application/models/Order_model.php 9
CUSTOM - 2022-12-14 16:15:40 --> Order::addOrder - /index.php/order/addOrder: {"note":"","lstProId":[],"orders":[{"product_id":"1","cost":null,"unit":"","price":105000,"quantity":1,"total":"1"}],"total_price":105000,"customer_id":"1","saler":"1"}
ERROR - 2022-12-14 16:15:40 --> Query error: Unknown column '' in 'where clause' - Invalid query: select * from `order` as o where customer_id = 1 and total_price = 105000 and saler = 1 and note = ``
ERROR - 2022-12-14 16:15:40 --> Severity: error --> Exception: Call to a member function result() on bool /Users/minhnguyen/Documents/works/npptinminh/npptinminh/application/models/Order_model.php 10
CUSTOM - 2022-12-14 16:15:54 --> Order::addOrder - /index.php/order/addOrder: {"note":"","lstProId":[],"orders":[{"product_id":"1","cost":null,"unit":"","price":105000,"quantity":1,"total":"1"}],"total_price":105000,"customer_id":"1","saler":"1"}
ERROR - 2022-12-14 16:15:54 --> Query error: Unknown column '' in 'where clause' - Invalid query: select * from `order` as o where customer_id = 1 and total_price = 105000 and saler = 1 and o.note = ``
ERROR - 2022-12-14 16:15:54 --> Severity: error --> Exception: Call to a member function result() on bool /Users/minhnguyen/Documents/works/npptinminh/npptinminh/application/models/Order_model.php 10
CUSTOM - 2022-12-14 16:16:26 --> Order::addOrder - /index.php/order/addOrder: {"note":"","lstProId":[],"orders":[{"product_id":"1","cost":null,"unit":"","price":105000,"quantity":1,"total":"1"}],"total_price":105000,"customer_id":"1","saler":"1"}
CUSTOM - 2022-12-14 16:16:58 --> Order::addOrder - /index.php/order/addOrder: {"note":"","lstProId":[],"orders":[{"product_id":"1","cost":null,"unit":"","price":105000,"quantity":1,"total":"1"}],"total_price":105000,"customer_id":"1","saler":"1"}
CUSTOM - 2022-12-14 16:17:15 --> Order::addOrder - /index.php/order/addOrder: {"note":"","lstProId":[],"orders":[{"product_id":"1","cost":null,"unit":"","price":105000,"quantity":1,"total":"1"}],"total_price":105000,"customer_id":"1","saler":"1"}
ERROR - 2022-12-14 16:17:15 --> Query error: Unknown column '123' in 'where clause' - Invalid query: select * from `order` as o where customer_id = 1 and total_price = 105000 and saler = 1 and o.note =  `123`
ERROR - 2022-12-14 16:17:15 --> Severity: error --> Exception: Call to a member function result() on bool /Users/minhnguyen/Documents/works/npptinminh/npptinminh/application/models/Order_model.php 10
CUSTOM - 2022-12-14 16:18:39 --> Order::addOrder - /index.php/order/addOrder: {"note":"","lstProId":[],"orders":[{"product_id":"1","cost":null,"unit":"","price":105000,"quantity":1,"total":"1"}],"total_price":105000,"customer_id":"1","saler":"1"}
CUSTOM - 2022-12-14 16:20:10 --> Order::addOrder - /index.php/order/addOrder: {"note":"","lstProId":[],"orders":[{"product_id":"1","cost":null,"unit":"","price":105000,"quantity":1,"total":"1"}],"total_price":105000,"customer_id":"1","saler":"1"}
CUSTOM - 2022-12-14 16:21:01 --> Order::addOrder - /index.php/order/addOrder: {"note":"","lstProId":[],"orders":[{"product_id":"1","cost":null,"unit":"","price":105000,"quantity":1,"total":"1"}],"total_price":105000,"customer_id":"1","saler":"1"}
ERROR - 2022-12-14 16:21:01 --> Query error: Unknown column '""' in 'where clause' - Invalid query: select * from `order` as o where customer_id = 1 and total_price = 105000 and saler = 1 and o.note = `""`
ERROR - 2022-12-14 16:21:01 --> Severity: error --> Exception: Call to a member function result() on bool /Users/minhnguyen/Documents/works/npptinminh/npptinminh/application/models/Order_model.php 10
CUSTOM - 2022-12-14 16:22:37 --> Order::addOrder - /index.php/order/addOrder: {"note":"","lstProId":[],"orders":[{"product_id":"1","cost":null,"unit":"","price":105000,"quantity":1,"total":"1"}],"total_price":105000,"customer_id":"1","saler":"1"}
CUSTOM - 2022-12-14 16:24:32 --> Order::addOrder - /index.php/order/addOrder: {"note":"","lstProId":[],"orders":[{"product_id":"1","cost":null,"unit":"","price":105000,"quantity":1,"total":"1"}],"total_price":105000,"customer_id":"1","saler":"1"}
ERROR - 2022-12-14 16:24:32 --> Query error: Unknown column '' in 'where clause' - Invalid query: select * from `order` as o where customer_id = 1 and total_price = 105000 and saler = 1 and o.note =  ``
ERROR - 2022-12-14 16:24:32 --> Severity: error --> Exception: Call to a member function result() on bool /Users/minhnguyen/Documents/works/npptinminh/npptinminh/application/models/Order_model.php 10
CUSTOM - 2022-12-14 16:25:36 --> Order::addOrder - /index.php/order/addOrder: {"note":"","lstProId":[],"orders":[{"product_id":"1","cost":null,"unit":"","price":105000,"quantity":1,"total":"1"}],"total_price":105000,"customer_id":"1","saler":"1"}
ERROR - 2022-12-14 16:25:36 --> Query error: Unknown column '""' in 'where clause' - Invalid query: select * from `order` as o where customer_id = 1 and total_price = 105000 and saler = 1 and o.note = `""`
ERROR - 2022-12-14 16:25:36 --> Severity: error --> Exception: Call to a member function result() on bool /Users/minhnguyen/Documents/works/npptinminh/npptinminh/application/models/Order_model.php 10
CUSTOM - 2022-12-14 16:26:24 --> Order::addOrder - /index.php/order/addOrder: {"note":"","lstProId":[],"orders":[{"product_id":"1","cost":null,"unit":"","price":105000,"quantity":1,"total":"1"}],"total_price":105000,"customer_id":"1","saler":"1"}
ERROR - 2022-12-14 16:26:24 --> Query error: Unknown column '""' in 'where clause' - Invalid query: select * from `order` as o where customer_id = 1 and total_price = 105000 and saler = 1 and o.note = `""`
ERROR - 2022-12-14 16:26:24 --> Severity: error --> Exception: Call to a member function result() on bool /Users/minhnguyen/Documents/works/npptinminh/npptinminh/application/models/Order_model.php 10
CUSTOM - 2022-12-14 16:26:54 --> Order::addOrder - /index.php/order/addOrder: {"note":"","lstProId":[],"orders":[{"product_id":"1","cost":null,"unit":"","price":105000,"quantity":1,"total":"1"}],"total_price":105000,"customer_id":"1","saler":"1"}
ERROR - 2022-12-14 16:26:54 --> Query error: Unknown column '' in 'where clause' - Invalid query: select * from `order` as o where customer_id = 1 and total_price = 105000 and saler = 1 and o.note = ``
ERROR - 2022-12-14 16:26:54 --> Severity: error --> Exception: Call to a member function result() on bool /Users/minhnguyen/Documents/works/npptinminh/npptinminh/application/models/Order_model.php 10
CUSTOM - 2022-12-14 16:32:58 --> Order::addOrder - /index.php/order/addOrder: {"note":"","lstProId":[],"orders":[{"product_id":"1","cost":null,"unit":"","price":105000,"quantity":1,"total":"1"}],"total_price":105000,"customer_id":"1","saler":"1"}
CUSTOM - 2022-12-14 16:33:12 --> Order::addOrder - /index.php/order/addOrder: {"note":"","lstProId":[],"orders":[{"product_id":"1","cost":null,"unit":"","price":105000,"quantity":1,"total":"1"}],"total_price":105000,"customer_id":"1","saler":"1"}
CUSTOM - 2022-12-14 16:33:20 --> Order::addOrder - /index.php/order/addOrder: {"note":"123","lstProId":[],"orders":[{"product_id":"1","cost":null,"unit":"","price":105000,"quantity":1,"total":"1"}],"total_price":105000,"customer_id":"1","saler":"1"}
CUSTOM - 2022-12-14 16:36:37 --> Order::addOrder - /index.php/order/addOrder: {"note":"","lstProId":[],"orders":[{"product_id":"1","cost":null,"unit":"","price":105000,"quantity":1,"total":"1"}],"total_price":105000,"customer_id":"1","saler":"1"}
CUSTOM - 2022-12-14 16:37:18 --> Order::addOrder - /index.php/order/addOrder: {"note":"","lstProId":[],"orders":[{"product_id":"1","cost":null,"unit":"","price":105000,"quantity":1,"total":"1"}],"total_price":105000,"customer_id":"1","saler":"1"}
CUSTOM - 2022-12-14 16:37:36 --> Order::addOrder - /index.php/order/addOrder: {"note":"","lstProId":[],"orders":[{"product_id":"1","cost":null,"unit":"","price":105000,"quantity":12,"total":"1"}],"total_price":1260000,"customer_id":"1","saler":"1"}
CUSTOM - 2022-12-14 16:37:57 --> Order::addOrder - /index.php/order/addOrder: {"note":"","lstProId":[],"orders":[{"product_id":"1","cost":null,"unit":"","price":105000,"quantity":543,"total":"1"}],"total_price":57015000,"customer_id":"1","saler":"1"}
CUSTOM - 2022-12-14 16:38:58 --> Order::addOrder - /index.php/order/addOrder: {"note":"","lstProId":[],"orders":[{"product_id":"1","cost":null,"unit":"","price":105000,"quantity":12432,"total":"1"}],"total_price":1305360000,"customer_id":"1","saler":"1"}
CUSTOM - 2022-12-14 16:39:36 --> Order::addOrder - /index.php/order/addOrder: {"note":"","lstProId":[],"orders":[{"product_id":"1","cost":null,"unit":"","price":105000,"quantity":1234,"total":"1"}],"total_price":129570000,"customer_id":"1","saler":"1"}
CUSTOM - 2022-12-14 16:40:03 --> Order::addOrder - /index.php/order/addOrder: {"note":"","lstProId":[],"orders":[{"product_id":"1","cost":null,"unit":"","price":105000,"quantity":987,"total":"1"}],"total_price":103635000,"customer_id":"1","saler":"1"}
CUSTOM - 2022-12-14 16:40:52 --> Order::addOrder - /index.php/order/addOrder: {"note":"","lstProId":[],"orders":[{"product_id":"1","cost":null,"unit":"","price":105000,"quantity":756,"total":"1"}],"total_price":79380000,"customer_id":"1","saler":"1"}
CUSTOM - 2022-12-14 16:41:17 --> Order::addOrder - /index.php/order/addOrder: {"note":"","lstProId":[],"orders":[{"product_id":"1","cost":null,"unit":"","price":105000,"quantity":1,"total":"1"}],"total_price":105000,"customer_id":"1","saler":"1"}
CUSTOM - 2022-12-14 16:42:29 --> Order::addOrder - /index.php/order/addOrder: {"note":"","lstProId":[],"orders":[{"product_id":"1","cost":null,"unit":"","price":105000,"quantity":1,"total":"1"}],"total_price":105000,"customer_id":"1","saler":"1"}
CUSTOM - 2022-12-14 16:43:53 --> Order::addOrder - /index.php/order/addOrder: {"note":"","lstProId":[],"orders":[{"product_id":"1","cost":null,"unit":"","price":105000,"quantity":1,"total":"1"}],"total_price":105000,"customer_id":"1","saler":"1"}
ERROR - 2022-12-14 16:43:53 --> Severity: error --> Exception: Cannot use object of type stdClass as array /Users/minhnguyen/Documents/works/npptinminh/npptinminh/application/controllers/Order.php 286
CUSTOM - 2022-12-14 16:44:15 --> Order::addOrder - /index.php/order/addOrder: {"note":"","lstProId":[],"orders":[{"product_id":"1","cost":null,"unit":"","price":105000,"quantity":1,"total":"1"}],"total_price":105000,"customer_id":"1","saler":"1"}
ERROR - 2022-12-14 16:44:15 --> Severity: error --> Exception: Object of class stdClass could not be converted to string /Users/minhnguyen/Documents/works/npptinminh/npptinminh/application/controllers/Order.php 263
CUSTOM - 2022-12-14 16:44:56 --> Order::addOrder - /index.php/order/addOrder: {"note":"","lstProId":[],"orders":[{"product_id":"1","cost":null,"unit":"","price":105000,"quantity":1,"total":"1"}],"total_price":105000,"customer_id":"1","saler":"1"}
CUSTOM - 2022-12-14 16:45:30 --> Order::addOrder - /index.php/order/addOrder: {"note":"","lstProId":[],"orders":[{"product_id":"1","cost":null,"unit":"","price":105000,"quantity":1,"total":"1"}],"total_price":105000,"customer_id":"1","saler":"1"}
CUSTOM - 2022-12-14 16:51:53 --> Order::addOrder - /index.php/order/addOrder: {"note":"","lstProId":[],"orders":[{"product_id":"1","cost":null,"unit":"","price":105000,"quantity":1,"total":"1"}],"total_price":105000,"customer_id":"1","saler":"1"}
CUSTOM - 2022-12-14 16:52:03 --> Order::addOrder - /index.php/order/addOrder: {"note":"","lstProId":[],"orders":[{"product_id":"1","cost":null,"unit":"","price":105000,"quantity":1,"total":"1"}],"total_price":105000,"customer_id":"1","saler":"1"}
CUSTOM - 2022-12-14 16:52:34 --> Order::addOrder - /index.php/order/addOrder: {"note":"","lstProId":[],"orders":[{"product_id":"1","cost":null,"unit":"","price":105000,"quantity":1,"total":"1"}],"total_price":105000,"customer_id":"1","saler":"1"}
CUSTOM - 2022-12-14 16:53:14 --> Order::addOrder - /index.php/order/addOrder: {"note":"","lstProId":[],"orders":[{"product_id":"1","cost":null,"unit":"","price":105000,"quantity":1,"total":"1"}],"total_price":105000,"customer_id":"1","saler":"1"}
CUSTOM - 2022-12-14 17:02:27 --> Order::addOrder - /index.php/order/addOrder: {"note":"","lstProId":[],"orders":[{"product_id":"1","cost":null,"unit":"","price":105000,"quantity":1,"total":"1"}],"total_price":105000,"customer_id":"1","saler":"1"}
ERROR - 2022-12-14 17:02:27 --> Severity: error --> Exception: Call to undefined method stdClass::diff() /Users/minhnguyen/Documents/works/npptinminh/npptinminh/application/controllers/Order.php 291
CUSTOM - 2022-12-14 17:03:00 --> Order::addOrder - /index.php/order/addOrder: {"note":"","lstProId":[],"orders":[{"product_id":"1","cost":null,"unit":"","price":105000,"quantity":1,"total":"1"}],"total_price":105000,"customer_id":"1","saler":"1"}
CUSTOM - 2022-12-14 17:03:38 --> Order::addOrder - /index.php/order/addOrder: {"note":"","lstProId":[],"orders":[{"product_id":"1","cost":null,"unit":"","price":105000,"quantity":1,"total":"1"}],"total_price":105000,"customer_id":"1","saler":"1"}
CUSTOM - 2022-12-14 17:10:50 --> Order::addOrder - /index.php/order/addOrder: {"note":"","lstProId":[],"orders":[{"product_id":"1","cost":null,"unit":"","price":105000,"quantity":1,"total":"1"}],"total_price":105000,"customer_id":"1","saler":"1"}
CUSTOM - 2022-12-14 17:11:41 --> Order::addOrder - /index.php/order/addOrder: {"note":"","lstProId":[],"orders":[{"product_id":"1","cost":null,"unit":"","price":105000,"quantity":1,"total":"1"}],"total_price":105000,"customer_id":"1","saler":"1"}
CUSTOM - 2022-12-14 17:12:52 --> Order::addOrder - /index.php/order/addOrder: {"note":"","lstProId":[],"orders":[{"product_id":"1","cost":null,"unit":"","price":105000,"quantity":1,"total":"1"}],"total_price":105000,"customer_id":"1","saler":"1"}
ERROR - 2022-12-14 17:14:36 --> Severity: error --> Exception: syntax error, unexpected '}' /Users/minhnguyen/Documents/works/npptinminh/npptinminh/application/controllers/Order.php 296
CUSTOM - 2022-12-14 17:14:52 --> Order::addOrder - /index.php/order/addOrder: {"note":"","lstProId":[],"orders":[{"product_id":"1","cost":null,"unit":"","price":105000,"quantity":1,"total":"1"}],"total_price":105000,"customer_id":"1","saler":"1"}
CUSTOM - 2022-12-14 17:18:54 --> Order::addOrder - /index.php/order/addOrder: {"note":"","lstProId":[],"orders":[{"product_id":"1","cost":null,"unit":"","price":105000,"quantity":1,"total":"1"}],"total_price":105000,"customer_id":"1","saler":"1"}
CUSTOM - 2022-12-14 17:20:27 --> Order::addOrder - /index.php/order/addOrder: {"note":"","lstProId":[],"orders":[{"product_id":"1","cost":null,"unit":"","price":105000,"quantity":1,"total":"1"}],"total_price":105000,"customer_id":"1","saler":"1"}
CUSTOM - 2022-12-14 17:20:35 --> Order::addOrder - /index.php/order/addOrder: {"note":"","lstProId":[],"orders":[{"product_id":"1","cost":null,"unit":"","price":105000,"quantity":1,"total":"1"}],"total_price":105000,"customer_id":"1","saler":"1"}
CUSTOM - 2022-12-14 17:21:16 --> Order::addOrder - /index.php/order/addOrder: {"note":"","lstProId":[],"orders":[{"product_id":"1","cost":null,"unit":"","price":105000,"quantity":1,"total":"1"}],"total_price":105000,"customer_id":"1","saler":"1"}
CUSTOM - 2022-12-14 17:23:11 --> Order::addOrder - /index.php/order/addOrder: {"note":"","lstProId":[],"orders":[{"product_id":"1","cost":null,"unit":"","price":105000,"quantity":1,"total":"1"}],"total_price":105000,"customer_id":"1","saler":"1"}
CUSTOM - 2022-12-14 17:23:55 --> Order::addOrder - /index.php/order/addOrder: {"note":"","lstProId":[],"orders":[{"product_id":"1","cost":null,"unit":"","price":105000,"quantity":1,"total":"1"}],"total_price":105000,"customer_id":"1","saler":"1"}
CUSTOM - 2022-12-14 17:26:08 --> Order::addOrder - /index.php/order/addOrder: {"note":"","lstProId":[],"orders":[{"product_id":"1","cost":null,"unit":"","price":105000,"quantity":1,"total":"1"}],"total_price":105000,"customer_id":"1","saler":"1"}
CUSTOM - 2022-12-14 17:28:20 --> Order::addOrder - /index.php/order/addOrder: {"note":"","lstProId":[],"orders":[{"product_id":"1","cost":null,"unit":"","price":105000,"quantity":11,"total":"1"}],"total_price":1155000,"customer_id":"1","saler":"1"}
CUSTOM - 2022-12-14 22:32:38 --> Order::addOrder - /index.php/order/addOrder: {"note":"","lstProId":[],"orders":[{"product_id":"1","cost":null,"unit":"","price":105000,"quantity":1,"total":"1"}],"total_price":105000,"customer_id":"1","saler":"1"}
CUSTOM - 2022-12-14 22:32:42 --> Order::index - /index.php/order: null
CUSTOM - 2022-12-14 22:33:03 --> Order::index - /index.php/order: null
