ERROR - 2023-02-17 09:41:41 --> Query error: Unknown column 'b.created_date' in 'field list' - Invalid query: SELECT b.customer_id, c.address, c.name, b.created_date, SUM(bd.quantity) as 'quantity_sum', SUM(bd.quantity*bd.price) as 'total'
                from bill_detail bd 
                JOIN bill b ON bd.bill_id = b.id 
                JOIN products p ON bd.product_id = p.id
                JOIN customers c ON c.id = b.customer_id
                WHERE b.created >= '2022-05-31 00:00:00' AND b.created <= '2023-02-15 23:59:59' AND bd.commission_type is not null AND p.product_type = 3 AND b.customer_id = 1259
                GROUP BY b.customer_id, c.address, c.name, b.created_date
                ORDER BY b.created_date DESC
                
ERROR - 2023-02-17 09:41:41 --> Severity: error --> Exception: Call to a member function result_array() on bool /Users/minhnguyen/Documents/works/npptinminh/npptinminh/application/models/Bill_model.php 216
ERROR - 2023-02-17 09:41:58 --> Query error: Unknown column 'b.created_date' in 'field list' - Invalid query: SELECT b.customer_id, c.address, c.name, b.created_date, SUM(bd.quantity) as 'quantity_sum', SUM(bd.quantity*bd.price) as 'total'
                from bill_detail bd 
                JOIN bill b ON bd.bill_id = b.id 
                JOIN products p ON bd.product_id = p.id
                JOIN customers c ON c.id = b.customer_id
                WHERE b.created >= '2022-05-31 00:00:00' AND b.created <= '2023-02-15 23:59:59' AND bd.commission_type is not null AND p.product_type = 3 AND b.customer_id = 1259
                GROUP BY b.customer_id, c.address, c.name, b.created_date
                ORDER BY b.created_date DESC
                
ERROR - 2023-02-17 09:41:58 --> Severity: error --> Exception: Call to a member function result_array() on bool /Users/minhnguyen/Documents/works/npptinminh/npptinminh/application/models/Bill_model.php 216
ERROR - 2023-02-17 09:42:25 --> Query error: Unknown column 'b.created_date' in 'field list' - Invalid query: SELECT b.customer_id, c.address, c.name, b.created_date, SUM(bd.quantity) as 'quantity_sum', SUM(bd.quantity*bd.price) as 'total'
                from bill_detail bd 
                JOIN bill b ON bd.bill_id = b.id 
                JOIN products p ON bd.product_id = p.id
                JOIN customers c ON c.id = b.customer_id
                WHERE b.created >= '2022-05-31 00:00:00' AND b.created <= '2023-02-15 23:59:59' AND bd.commission_type is not null AND p.product_type = 3 AND b.customer_id = 1259
                GROUP BY b.customer_id, c.address, c.name, b.created_date
                ORDER BY b.created_date DESC
                
ERROR - 2023-02-17 09:42:25 --> Severity: error --> Exception: Call to a member function result_array() on bool /Users/minhnguyen/Documents/works/npptinminh/npptinminh/application/models/Bill_model.php 216
ERROR - 2023-02-17 09:42:25 --> Query error: Unknown column 'b.created_date' in 'field list' - Invalid query: SELECT b.customer_id, c.address, c.name, b.created_date, SUM(bd.quantity) as 'quantity_sum', SUM(bd.quantity*bd.price) as 'total'
                from bill_detail bd 
                JOIN bill b ON bd.bill_id = b.id 
                JOIN products p ON bd.product_id = p.id
                JOIN customers c ON c.id = b.customer_id
                WHERE b.created >= '2022-05-31 00:00:00' AND b.created <= '2023-02-15 23:59:59' AND bd.commission_type is not null AND p.product_type = 3 AND b.customer_id = 1259
                GROUP BY b.customer_id, c.address, c.name, b.created_date
                ORDER BY b.created_date DESC
                
ERROR - 2023-02-17 09:42:25 --> Severity: error --> Exception: Call to a member function result_array() on bool /Users/minhnguyen/Documents/works/npptinminh/npptinminh/application/models/Bill_model.php 216
ERROR - 2023-02-17 09:42:26 --> Query error: Unknown column 'b.created_date' in 'field list' - Invalid query: SELECT b.customer_id, c.address, c.name, b.created_date, SUM(bd.quantity) as 'quantity_sum', SUM(bd.quantity*bd.price) as 'total'
                from bill_detail bd 
                JOIN bill b ON bd.bill_id = b.id 
                JOIN products p ON bd.product_id = p.id
                JOIN customers c ON c.id = b.customer_id
                WHERE b.created >= '2022-05-31 00:00:00' AND b.created <= '2023-02-15 23:59:59' AND bd.commission_type is not null AND p.product_type = 3 AND b.customer_id = 1259
                GROUP BY b.customer_id, c.address, c.name, b.created_date
                ORDER BY b.created_date DESC
                
ERROR - 2023-02-17 09:42:26 --> Severity: error --> Exception: Call to a member function result_array() on bool /Users/minhnguyen/Documents/works/npptinminh/npptinminh/application/models/Bill_model.php 216
ERROR - 2023-02-17 09:42:26 --> Query error: Unknown column 'b.created_date' in 'field list' - Invalid query: SELECT b.customer_id, c.address, c.name, b.created_date, SUM(bd.quantity) as 'quantity_sum', SUM(bd.quantity*bd.price) as 'total'
                from bill_detail bd 
                JOIN bill b ON bd.bill_id = b.id 
                JOIN products p ON bd.product_id = p.id
                JOIN customers c ON c.id = b.customer_id
                WHERE b.created >= '2022-05-31 00:00:00' AND b.created <= '2023-02-15 23:59:59' AND bd.commission_type is not null AND p.product_type = 3 AND b.customer_id = 1259
                GROUP BY b.customer_id, c.address, c.name, b.created_date
                ORDER BY b.created_date DESC
                
ERROR - 2023-02-17 09:42:26 --> Severity: error --> Exception: Call to a member function result_array() on bool /Users/minhnguyen/Documents/works/npptinminh/npptinminh/application/models/Bill_model.php 216
ERROR - 2023-02-17 09:42:26 --> Query error: Unknown column 'b.created_date' in 'field list' - Invalid query: SELECT b.customer_id, c.address, c.name, b.created_date, SUM(bd.quantity) as 'quantity_sum', SUM(bd.quantity*bd.price) as 'total'
                from bill_detail bd 
                JOIN bill b ON bd.bill_id = b.id 
                JOIN products p ON bd.product_id = p.id
                JOIN customers c ON c.id = b.customer_id
                WHERE b.created >= '2022-05-31 00:00:00' AND b.created <= '2023-02-15 23:59:59' AND bd.commission_type is not null AND p.product_type = 3 AND b.customer_id = 1259
                GROUP BY b.customer_id, c.address, c.name, b.created_date
                ORDER BY b.created_date DESC
                
ERROR - 2023-02-17 09:42:26 --> Severity: error --> Exception: Call to a member function result_array() on bool /Users/minhnguyen/Documents/works/npptinminh/npptinminh/application/models/Bill_model.php 216
ERROR - 2023-02-17 09:42:26 --> Query error: Unknown column 'b.created_date' in 'field list' - Invalid query: SELECT b.customer_id, c.address, c.name, b.created_date, SUM(bd.quantity) as 'quantity_sum', SUM(bd.quantity*bd.price) as 'total'
                from bill_detail bd 
                JOIN bill b ON bd.bill_id = b.id 
                JOIN products p ON bd.product_id = p.id
                JOIN customers c ON c.id = b.customer_id
                WHERE b.created >= '2022-05-31 00:00:00' AND b.created <= '2023-02-15 23:59:59' AND bd.commission_type is not null AND p.product_type = 3 AND b.customer_id = 1259
                GROUP BY b.customer_id, c.address, c.name, b.created_date
                ORDER BY b.created_date DESC
                
ERROR - 2023-02-17 09:42:26 --> Severity: error --> Exception: Call to a member function result_array() on bool /Users/minhnguyen/Documents/works/npptinminh/npptinminh/application/models/Bill_model.php 216
ERROR - 2023-02-17 09:42:26 --> Query error: Unknown column 'b.created_date' in 'field list' - Invalid query: SELECT b.customer_id, c.address, c.name, b.created_date, SUM(bd.quantity) as 'quantity_sum', SUM(bd.quantity*bd.price) as 'total'
                from bill_detail bd 
                JOIN bill b ON bd.bill_id = b.id 
                JOIN products p ON bd.product_id = p.id
                JOIN customers c ON c.id = b.customer_id
                WHERE b.created >= '2022-05-31 00:00:00' AND b.created <= '2023-02-15 23:59:59' AND bd.commission_type is not null AND p.product_type = 3 AND b.customer_id = 1259
                GROUP BY b.customer_id, c.address, c.name, b.created_date
                ORDER BY b.created_date DESC
                
ERROR - 2023-02-17 09:42:26 --> Severity: error --> Exception: Call to a member function result_array() on bool /Users/minhnguyen/Documents/works/npptinminh/npptinminh/application/models/Bill_model.php 216
ERROR - 2023-02-17 09:42:27 --> Query error: Unknown column 'b.created_date' in 'field list' - Invalid query: SELECT b.customer_id, c.address, c.name, b.created_date, SUM(bd.quantity) as 'quantity_sum', SUM(bd.quantity*bd.price) as 'total'
                from bill_detail bd 
                JOIN bill b ON bd.bill_id = b.id 
                JOIN products p ON bd.product_id = p.id
                JOIN customers c ON c.id = b.customer_id
                WHERE b.created >= '2022-05-31 00:00:00' AND b.created <= '2023-02-15 23:59:59' AND bd.commission_type is not null AND p.product_type = 3 AND b.customer_id = 1259
                GROUP BY b.customer_id, c.address, c.name, b.created_date
                ORDER BY b.created_date DESC
                
ERROR - 2023-02-17 09:42:27 --> Severity: error --> Exception: Call to a member function result_array() on bool /Users/minhnguyen/Documents/works/npptinminh/npptinminh/application/models/Bill_model.php 216
ERROR - 2023-02-17 09:42:27 --> Query error: Unknown column 'b.created_date' in 'field list' - Invalid query: SELECT b.customer_id, c.address, c.name, b.created_date, SUM(bd.quantity) as 'quantity_sum', SUM(bd.quantity*bd.price) as 'total'
                from bill_detail bd 
                JOIN bill b ON bd.bill_id = b.id 
                JOIN products p ON bd.product_id = p.id
                JOIN customers c ON c.id = b.customer_id
                WHERE b.created >= '2022-05-31 00:00:00' AND b.created <= '2023-02-15 23:59:59' AND bd.commission_type is not null AND p.product_type = 3 AND b.customer_id = 1259
                GROUP BY b.customer_id, c.address, c.name, b.created_date
                ORDER BY b.created_date DESC
                
ERROR - 2023-02-17 09:42:27 --> Severity: error --> Exception: Call to a member function result_array() on bool /Users/minhnguyen/Documents/works/npptinminh/npptinminh/application/models/Bill_model.php 216
ERROR - 2023-02-17 09:44:00 --> Query error: Unknown column 'b.created_date' in 'field list' - Invalid query: SELECT b.customer_id, c.address, c.name, b.created_date, SUM(bd.quantity) as 'quantity_sum', SUM(bd.quantity*bd.price) as 'total'
                from bill_detail bd 
                JOIN bill b ON bd.bill_id = b.id 
                JOIN products p ON bd.product_id = p.id
                JOIN customers c ON c.id = b.customer_id
                WHERE b.created >= '2022-05-31 00:00:00' AND b.created <= '2023-02-15 23:59:59' AND bd.commission_type is not null AND p.product_type = 3 AND b.customer_id = 1259
                GROUP BY b.customer_id, c.address, c.name, b.created_date
                ORDER BY b.created_date DESC
                
ERROR - 2023-02-17 09:44:00 --> Severity: error --> Exception: Call to a member function result_array() on bool /Users/minhnguyen/Documents/works/npptinminh/npptinminh/application/models/Bill_model.php 216
ERROR - 2023-02-17 09:44:08 --> Query error: Unknown column 'b.created_date' in 'field list' - Invalid query: SELECT b.customer_id, c.address, c.name, b.created_date, SUM(bd.quantity) as 'quantity_sum', SUM(bd.quantity*bd.price) as 'total'
                from bill_detail bd 
                JOIN bill b ON bd.bill_id = b.id 
                JOIN products p ON bd.product_id = p.id
                JOIN customers c ON c.id = b.customer_id
                WHERE b.created >= '2022-05-31 00:00:00' AND b.created <= '2023-02-15 23:59:59' AND bd.commission_type is not null AND p.product_type = 3 AND b.customer_id = 1259
                GROUP BY b.customer_id, c.address, c.name, b.created_date
                
ERROR - 2023-02-17 09:44:08 --> Severity: error --> Exception: Call to a member function result_array() on bool /Users/minhnguyen/Documents/works/npptinminh/npptinminh/application/models/Bill_model.php 215
ERROR - 2023-02-17 09:44:09 --> Query error: Unknown column 'b.created_date' in 'field list' - Invalid query: SELECT b.customer_id, c.address, c.name, b.created_date, SUM(bd.quantity) as 'quantity_sum', SUM(bd.quantity*bd.price) as 'total'
                from bill_detail bd 
                JOIN bill b ON bd.bill_id = b.id 
                JOIN products p ON bd.product_id = p.id
                JOIN customers c ON c.id = b.customer_id
                WHERE b.created >= '2022-05-31 00:00:00' AND b.created <= '2023-02-15 23:59:59' AND bd.commission_type is not null AND p.product_type = 3 AND b.customer_id = 1259
                GROUP BY b.customer_id, c.address, c.name, b.created_date
                
ERROR - 2023-02-17 09:44:09 --> Severity: error --> Exception: Call to a member function result_array() on bool /Users/minhnguyen/Documents/works/npptinminh/npptinminh/application/models/Bill_model.php 215
ERROR - 2023-02-17 09:44:09 --> Query error: Unknown column 'b.created_date' in 'field list' - Invalid query: SELECT b.customer_id, c.address, c.name, b.created_date, SUM(bd.quantity) as 'quantity_sum', SUM(bd.quantity*bd.price) as 'total'
                from bill_detail bd 
                JOIN bill b ON bd.bill_id = b.id 
                JOIN products p ON bd.product_id = p.id
                JOIN customers c ON c.id = b.customer_id
                WHERE b.created >= '2022-05-31 00:00:00' AND b.created <= '2023-02-15 23:59:59' AND bd.commission_type is not null AND p.product_type = 3 AND b.customer_id = 1259
                GROUP BY b.customer_id, c.address, c.name, b.created_date
                
ERROR - 2023-02-17 09:44:09 --> Severity: error --> Exception: Call to a member function result_array() on bool /Users/minhnguyen/Documents/works/npptinminh/npptinminh/application/models/Bill_model.php 215
ERROR - 2023-02-17 09:44:11 --> Query error: Unknown column 'b.created_date' in 'field list' - Invalid query: SELECT b.customer_id, c.address, c.name, b.created_date, SUM(bd.quantity) as 'quantity_sum', SUM(bd.quantity*bd.price) as 'total'
                from bill_detail bd 
                JOIN bill b ON bd.bill_id = b.id 
                JOIN products p ON bd.product_id = p.id
                JOIN customers c ON c.id = b.customer_id
                WHERE b.created >= '2022-05-31 00:00:00' AND b.created <= '2023-02-15 23:59:59' AND bd.commission_type is not null AND p.product_type = 3 AND b.customer_id = 1259
                GROUP BY b.customer_id, c.address, c.name, b.created_date
                
ERROR - 2023-02-17 09:44:11 --> Severity: error --> Exception: Call to a member function result_array() on bool /Users/minhnguyen/Documents/works/npptinminh/npptinminh/application/models/Bill_model.php 215
ERROR - 2023-02-17 09:44:12 --> Query error: Unknown column 'b.created_date' in 'field list' - Invalid query: SELECT b.customer_id, c.address, c.name, b.created_date, SUM(bd.quantity) as 'quantity_sum', SUM(bd.quantity*bd.price) as 'total'
                from bill_detail bd 
                JOIN bill b ON bd.bill_id = b.id 
                JOIN products p ON bd.product_id = p.id
                JOIN customers c ON c.id = b.customer_id
                WHERE b.created >= '2022-05-31 00:00:00' AND b.created <= '2023-02-15 23:59:59' AND bd.commission_type is not null AND p.product_type = 3 AND b.customer_id = 1259
                GROUP BY b.customer_id, c.address, c.name, b.created_date
                
ERROR - 2023-02-17 09:44:12 --> Severity: error --> Exception: Call to a member function result_array() on bool /Users/minhnguyen/Documents/works/npptinminh/npptinminh/application/models/Bill_model.php 215
ERROR - 2023-02-17 09:44:12 --> Query error: Unknown column 'b.created_date' in 'field list' - Invalid query: SELECT b.customer_id, c.address, c.name, b.created_date, SUM(bd.quantity) as 'quantity_sum', SUM(bd.quantity*bd.price) as 'total'
                from bill_detail bd 
                JOIN bill b ON bd.bill_id = b.id 
                JOIN products p ON bd.product_id = p.id
                JOIN customers c ON c.id = b.customer_id
                WHERE b.created >= '2022-05-31 00:00:00' AND b.created <= '2023-02-15 23:59:59' AND bd.commission_type is not null AND p.product_type = 3 AND b.customer_id = 1259
                GROUP BY b.customer_id, c.address, c.name, b.created_date
                
ERROR - 2023-02-17 09:44:12 --> Severity: error --> Exception: Call to a member function result_array() on bool /Users/minhnguyen/Documents/works/npptinminh/npptinminh/application/models/Bill_model.php 215
ERROR - 2023-02-17 09:44:12 --> Query error: Unknown column 'b.created_date' in 'field list' - Invalid query: SELECT b.customer_id, c.address, c.name, b.created_date, SUM(bd.quantity) as 'quantity_sum', SUM(bd.quantity*bd.price) as 'total'
                from bill_detail bd 
                JOIN bill b ON bd.bill_id = b.id 
                JOIN products p ON bd.product_id = p.id
                JOIN customers c ON c.id = b.customer_id
                WHERE b.created >= '2022-05-31 00:00:00' AND b.created <= '2023-02-15 23:59:59' AND bd.commission_type is not null AND p.product_type = 3 AND b.customer_id = 1259
                GROUP BY b.customer_id, c.address, c.name, b.created_date
                
ERROR - 2023-02-17 09:44:12 --> Severity: error --> Exception: Call to a member function result_array() on bool /Users/minhnguyen/Documents/works/npptinminh/npptinminh/application/models/Bill_model.php 215
ERROR - 2023-02-17 09:44:12 --> Query error: Unknown column 'b.created_date' in 'field list' - Invalid query: SELECT b.customer_id, c.address, c.name, b.created_date, SUM(bd.quantity) as 'quantity_sum', SUM(bd.quantity*bd.price) as 'total'
                from bill_detail bd 
                JOIN bill b ON bd.bill_id = b.id 
                JOIN products p ON bd.product_id = p.id
                JOIN customers c ON c.id = b.customer_id
                WHERE b.created >= '2022-05-31 00:00:00' AND b.created <= '2023-02-15 23:59:59' AND bd.commission_type is not null AND p.product_type = 3 AND b.customer_id = 1259
                GROUP BY b.customer_id, c.address, c.name, b.created_date
                
ERROR - 2023-02-17 09:44:12 --> Severity: error --> Exception: Call to a member function result_array() on bool /Users/minhnguyen/Documents/works/npptinminh/npptinminh/application/models/Bill_model.php 215
ERROR - 2023-02-17 09:44:46 --> Query error: Unknown column 'b.created_date' in 'order clause' - Invalid query: SELECT b.customer_id, c.address, c.name, b.created, SUM(bd.quantity) as 'quantity_sum', SUM(bd.quantity*bd.price) as 'total'
                from bill_detail bd 
                JOIN bill b ON bd.bill_id = b.id 
                JOIN products p ON bd.product_id = p.id
                JOIN customers c ON c.id = b.customer_id
                WHERE b.created >= '2022-05-31 00:00:00' AND b.created <= '2023-02-15 23:59:59' AND bd.commission_type is not null AND p.product_type = 3 AND b.customer_id = 1259
                GROUP BY b.customer_id, c.address, c.name, b.created
                ORDER BY b.created_date DESC
                
ERROR - 2023-02-17 09:44:46 --> Severity: error --> Exception: Call to a member function result_array() on bool /Users/minhnguyen/Documents/works/npptinminh/npptinminh/application/models/Bill_model.php 216
ERROR - 2023-02-17 09:44:47 --> Query error: Unknown column 'b.created_date' in 'order clause' - Invalid query: SELECT b.customer_id, c.address, c.name, b.created, SUM(bd.quantity) as 'quantity_sum', SUM(bd.quantity*bd.price) as 'total'
                from bill_detail bd 
                JOIN bill b ON bd.bill_id = b.id 
                JOIN products p ON bd.product_id = p.id
                JOIN customers c ON c.id = b.customer_id
                WHERE b.created >= '2022-05-31 00:00:00' AND b.created <= '2023-02-15 23:59:59' AND bd.commission_type is not null AND p.product_type = 3 AND b.customer_id = 1259
                GROUP BY b.customer_id, c.address, c.name, b.created
                ORDER BY b.created_date DESC
                
ERROR - 2023-02-17 09:44:47 --> Severity: error --> Exception: Call to a member function result_array() on bool /Users/minhnguyen/Documents/works/npptinminh/npptinminh/application/models/Bill_model.php 216
ERROR - 2023-02-17 09:44:47 --> Query error: Unknown column 'b.created_date' in 'order clause' - Invalid query: SELECT b.customer_id, c.address, c.name, b.created, SUM(bd.quantity) as 'quantity_sum', SUM(bd.quantity*bd.price) as 'total'
                from bill_detail bd 
                JOIN bill b ON bd.bill_id = b.id 
                JOIN products p ON bd.product_id = p.id
                JOIN customers c ON c.id = b.customer_id
                WHERE b.created >= '2022-05-31 00:00:00' AND b.created <= '2023-02-15 23:59:59' AND bd.commission_type is not null AND p.product_type = 3 AND b.customer_id = 1259
                GROUP BY b.customer_id, c.address, c.name, b.created
                ORDER BY b.created_date DESC
                
ERROR - 2023-02-17 09:44:47 --> Severity: error --> Exception: Call to a member function result_array() on bool /Users/minhnguyen/Documents/works/npptinminh/npptinminh/application/models/Bill_model.php 216
ERROR - 2023-02-17 09:44:47 --> Query error: Unknown column 'b.created_date' in 'order clause' - Invalid query: SELECT b.customer_id, c.address, c.name, b.created, SUM(bd.quantity) as 'quantity_sum', SUM(bd.quantity*bd.price) as 'total'
                from bill_detail bd 
                JOIN bill b ON bd.bill_id = b.id 
                JOIN products p ON bd.product_id = p.id
                JOIN customers c ON c.id = b.customer_id
                WHERE b.created >= '2022-05-31 00:00:00' AND b.created <= '2023-02-15 23:59:59' AND bd.commission_type is not null AND p.product_type = 3 AND b.customer_id = 1259
                GROUP BY b.customer_id, c.address, c.name, b.created
                ORDER BY b.created_date DESC
                
ERROR - 2023-02-17 09:44:47 --> Severity: error --> Exception: Call to a member function result_array() on bool /Users/minhnguyen/Documents/works/npptinminh/npptinminh/application/models/Bill_model.php 216
ERROR - 2023-02-17 09:52:12 --> Query error: Expression #1 of ORDER BY clause is not in GROUP BY clause and contains nonaggregated column 'npptinmi_websys.b.created' which is not functionally dependent on columns in GROUP BY clause; this is incompatible with sql_mode=only_full_group_by - Invalid query: SELECT b.customer_id, c.address, c.name, date(b.created), SUM(bd.quantity) as 'quantity_sum', SUM(bd.quantity*bd.price) as 'total'
                from bill_detail bd 
                JOIN bill b ON bd.bill_id = b.id 
                JOIN products p ON bd.product_id = p.id
                JOIN customers c ON c.id = b.customer_id
                WHERE b.created >= '2022-05-31 00:00:00' AND b.created <= '2023-02-15 23:59:59' AND bd.commission_type is not null AND p.product_type = 3 AND b.customer_id = 1259
                GROUP BY b.customer_id, c.address, c.name, date(b.created)
                ORDER BY b.created ASC
                
ERROR - 2023-02-17 09:52:12 --> Severity: error --> Exception: Call to a member function result_array() on bool /Users/minhnguyen/Documents/works/npptinminh/npptinminh/application/models/Bill_model.php 216
ERROR - 2023-02-17 09:52:13 --> Query error: Expression #1 of ORDER BY clause is not in GROUP BY clause and contains nonaggregated column 'npptinmi_websys.b.created' which is not functionally dependent on columns in GROUP BY clause; this is incompatible with sql_mode=only_full_group_by - Invalid query: SELECT b.customer_id, c.address, c.name, date(b.created), SUM(bd.quantity) as 'quantity_sum', SUM(bd.quantity*bd.price) as 'total'
                from bill_detail bd 
                JOIN bill b ON bd.bill_id = b.id 
                JOIN products p ON bd.product_id = p.id
                JOIN customers c ON c.id = b.customer_id
                WHERE b.created >= '2022-05-31 00:00:00' AND b.created <= '2023-02-15 23:59:59' AND bd.commission_type is not null AND p.product_type = 3 AND b.customer_id = 1259
                GROUP BY b.customer_id, c.address, c.name, date(b.created)
                ORDER BY b.created ASC
                
ERROR - 2023-02-17 09:52:13 --> Severity: error --> Exception: Call to a member function result_array() on bool /Users/minhnguyen/Documents/works/npptinminh/npptinminh/application/models/Bill_model.php 216
ERROR - 2023-02-17 09:52:13 --> Query error: Expression #1 of ORDER BY clause is not in GROUP BY clause and contains nonaggregated column 'npptinmi_websys.b.created' which is not functionally dependent on columns in GROUP BY clause; this is incompatible with sql_mode=only_full_group_by - Invalid query: SELECT b.customer_id, c.address, c.name, date(b.created), SUM(bd.quantity) as 'quantity_sum', SUM(bd.quantity*bd.price) as 'total'
                from bill_detail bd 
                JOIN bill b ON bd.bill_id = b.id 
                JOIN products p ON bd.product_id = p.id
                JOIN customers c ON c.id = b.customer_id
                WHERE b.created >= '2022-05-31 00:00:00' AND b.created <= '2023-02-15 23:59:59' AND bd.commission_type is not null AND p.product_type = 3 AND b.customer_id = 1259
                GROUP BY b.customer_id, c.address, c.name, date(b.created)
                ORDER BY b.created ASC
                
ERROR - 2023-02-17 09:52:13 --> Severity: error --> Exception: Call to a member function result_array() on bool /Users/minhnguyen/Documents/works/npptinminh/npptinminh/application/models/Bill_model.php 216
